  main.cpp
C:\Users\mindc1may174\source\repos\Inventory management system\Inventory management system\main.cpp(47,2): error C4996: 'getch': The POSIX name for this item is deprecated. Instead, use the ISO C and C++ conformant name: _getch. See online help for details.
C:\Users\mindc1may174\source\repos\Inventory management system\Inventory management system\main.cpp(57,2): error C4996: 'getch': The POSIX name for this item is deprecated. Instead, use the ISO C and C++ conformant name: _getch. See online help for details.
C:\Users\mindc1may174\source\repos\Inventory management system\Inventory management system\main.cpp(87,2): error C4996: 'getch': The POSIX name for this item is deprecated. Instead, use the ISO C and C++ conformant name: _getch. See online help for details.
C:\Users\mindc1may174\source\repos\Inventory management system\Inventory management system\main.cpp(97,10): warning C4101: 'l': unreferenced local variable
C:\Users\mindc1may174\source\repos\Inventory management system\Inventory management system\main.cpp(97,7): warning C4101: 'j': unreferenced local variable
C:\Users\mindc1may174\source\repos\Inventory management system\Inventory management system\main.cpp(153,19): warning C4244: '=': conversion from 'std::streamoff' to 'long', possible loss of data
C:\Users\mindc1may174\source\repos\Inventory management system\Inventory management system\main.cpp(172,3): error C4996: 'getch': The POSIX name for this item is deprecated. Instead, use the ISO C and C++ conformant name: _getch. See online help for details.
C:\Users\mindc1may174\source\repos\Inventory management system\Inventory management system\main.cpp(211,4): error C4996: 'getch': The POSIX name for this item is deprecated. Instead, use the ISO C and C++ conformant name: _getch. See online help for details.
C:\Users\mindc1may174\source\repos\Inventory management system\Inventory management system\main.cpp(237,18): warning C4244: '=': conversion from 'std::streamoff' to 'long', possible loss of data
C:\Users\mindc1may174\source\repos\Inventory management system\Inventory management system\main.cpp(299,2): error C4996: 'getch': The POSIX name for this item is deprecated. Instead, use the ISO C and C++ conformant name: _getch. See online help for details.
C:\Users\mindc1may174\source\repos\Inventory management system\Inventory management system\main.cpp(331,14): error C4996: 'getch': The POSIX name for this item is deprecated. Instead, use the ISO C and C++ conformant name: _getch. See online help for details.
C:\Users\mindc1may174\source\repos\Inventory management system\Inventory management system\main.cpp(337,12): error C4996: 'getch': The POSIX name for this item is deprecated. Instead, use the ISO C and C++ conformant name: _getch. See online help for details.
C:\Users\mindc1may174\source\repos\Inventory management system\Inventory management system\main.cpp(345,14): error C4996: 'getch': The POSIX name for this item is deprecated. Instead, use the ISO C and C++ conformant name: _getch. See online help for details.
C:\Users\mindc1may174\source\repos\Inventory management system\Inventory management system\main.cpp(350,5): error C4996: 'getch': The POSIX name for this item is deprecated. Instead, use the ISO C and C++ conformant name: _getch. See online help for details.
C:\Users\mindc1may174\source\repos\Inventory management system\Inventory management system\main.cpp(357,4): error C4996: 'getch': The POSIX name for this item is deprecated. Instead, use the ISO C and C++ conformant name: _getch. See online help for details.
C:\Users\mindc1may174\source\repos\Inventory management system\Inventory management system\main.cpp(358,4): error C4996: 'getch': The POSIX name for this item is deprecated. Instead, use the ISO C and C++ conformant name: _getch. See online help for details.
C:\Users\mindc1may174\source\repos\Inventory management system\Inventory management system\main.cpp(359,4): error C4996: 'getch': The POSIX name for this item is deprecated. Instead, use the ISO C and C++ conformant name: _getch. See online help for details.
C:\Users\mindc1may174\source\repos\Inventory management system\Inventory management system\main.cpp(360,4): error C4996: 'getch': The POSIX name for this item is deprecated. Instead, use the ISO C and C++ conformant name: _getch. See online help for details.
C:\Users\mindc1may174\source\repos\Inventory management system\Inventory management system\main.cpp(361,4): error C4996: 'getch': The POSIX name for this item is deprecated. Instead, use the ISO C and C++ conformant name: _getch. See online help for details.
C:\Users\mindc1may174\source\repos\Inventory management system\Inventory management system\main.cpp(362,4): error C4996: 'getch': The POSIX name for this item is deprecated. Instead, use the ISO C and C++ conformant name: _getch. See online help for details.
C:\Users\mindc1may174\source\repos\Inventory management system\Inventory management system\main.cpp(395,16): error C4996: 'getch': The POSIX name for this item is deprecated. Instead, use the ISO C and C++ conformant name: _getch. See online help for details.
C:\Users\mindc1may174\source\repos\Inventory management system\Inventory management system\main.cpp(400,12): error C4996: 'getch': The POSIX name for this item is deprecated. Instead, use the ISO C and C++ conformant name: _getch. See online help for details.
C:\Users\mindc1may174\source\repos\Inventory management system\Inventory management system\main.cpp(406,5): error C4996: 'getch': The POSIX name for this item is deprecated. Instead, use the ISO C and C++ conformant name: _getch. See online help for details.
C:\Users\mindc1may174\source\repos\Inventory management system\Inventory management system\main.cpp(407,5): error C4996: 'getch': The POSIX name for this item is deprecated. Instead, use the ISO C and C++ conformant name: _getch. See online help for details.
C:\Users\mindc1may174\source\repos\Inventory management system\Inventory management system\main.cpp(408,5): error C4996: 'getch': The POSIX name for this item is deprecated. Instead, use the ISO C and C++ conformant name: _getch. See online help for details.
C:\Users\mindc1may174\source\repos\Inventory management system\Inventory management system\main.cpp(409,5): error C4996: 'getch': The POSIX name for this item is deprecated. Instead, use the ISO C and C++ conformant name: _getch. See online help for details.
C:\Users\mindc1may174\source\repos\Inventory management system\Inventory management system\main.cpp(410,5): error C4996: 'getch': The POSIX name for this item is deprecated. Instead, use the ISO C and C++ conformant name: _getch. See online help for details.
C:\Users\mindc1may174\source\repos\Inventory management system\Inventory management system\main.cpp(417,3): error C4996: 'getch': The POSIX name for this item is deprecated. Instead, use the ISO C and C++ conformant name: _getch. See online help for details.
C:\Users\mindc1may174\source\repos\Inventory management system\Inventory management system\main.cpp(296,7): warning C4101: 'name': unreferenced local variable
C:\Users\mindc1may174\source\repos\Inventory management system\Inventory management system\main.cpp(289,17): warning C4101: 'pass2': unreferenced local variable
C:\Users\mindc1may174\source\repos\Inventory management system\Inventory management system\main.cpp(295,6): warning C4101: 'h': unreferenced local variable
C:\Users\mindc1may174\source\repos\Inventory management system\Inventory management system\main.cpp(289,7): warning C4101: 'pass': unreferenced local variable
